<?xml version="1.0" encoding="UTF-8"?>
<coverage generated="1661970634377" clover="3.2.0">
  <project timestamp="1661970634378" name="All files">
    <metrics statements="24" coveredstatements="24" conditionals="6" coveredconditionals="6" methods="5" coveredmethods="5" elements="35" coveredelements="35" complexity="0" loc="24" ncloc="24" packages="2" files="2" classes="2"/>
    <package name="__fixtures__">
      <metrics statements="1" coveredstatements="1" conditionals="0" coveredconditionals="0" methods="0" coveredmethods="0"/>
      <file name="expected_file.js" path="/home/marik/frontend-project-lvl2/__fixtures__/expected_file.js">
        <metrics statements="1" coveredstatements="1" conditionals="0" coveredconditionals="0" methods="0" coveredmethods="0"/>
        <line num="1" count="1" type="stmt"/>
      </file>
    </package>
    <package name="src">
      <metrics statements="23" coveredstatements="23" conditionals="6" coveredconditionals="6" methods="5" coveredmethods="5"/>
      <file name="index.js" path="/home/marik/frontend-project-lvl2/src/index.js">
        <metrics statements="23" coveredstatements="23" conditionals="6" coveredconditionals="6" methods="5" coveredmethods="5"/>
        <line num="6" count="1" type="stmt"/>
        <line num="7" count="1" type="stmt"/>
        <line num="8" count="1" type="stmt"/>
        <line num="9" count="1" type="stmt"/>
        <line num="11" count="1" type="stmt"/>
        <line num="12" count="5" type="stmt"/>
        <line num="13" count="5" type="stmt"/>
        <line num="14" count="5" type="cond" truecount="2" falsecount="0"/>
        <line num="15" count="1" type="stmt"/>
        <line num="16" count="4" type="cond" truecount="2" falsecount="0"/>
        <line num="17" count="2" type="stmt"/>
        <line num="18" count="2" type="cond" truecount="2" falsecount="0"/>
        <line num="19" count="1" type="stmt"/>
        <line num="21" count="1" type="stmt"/>
        <line num="24" count="1" type="stmt"/>
        <line num="25" count="1" type="stmt"/>
        <line num="30" count="2" type="stmt"/>
        <line num="31" count="2" type="stmt"/>
        <line num="32" count="1" type="stmt"/>
        <line num="33" count="1" type="stmt"/>
        <line num="34" count="1" type="stmt"/>
        <line num="35" count="1" type="stmt"/>
        <line num="36" count="1" type="stmt"/>
      </file>
    </package>
  </project>
</coverage>
