{"/home/marik/frontend-project-lvl2/__fixtures__/expected_file.js": {"path":"/home/marik/frontend-project-lvl2/__fixtures__/expected_file.js","statementMap":{"0":{"start":{"line":1,"column":15},"end":{"line":1,"column":128}}},"fnMap":{},"branchMap":{},"s":{"0":1},"f":{},"b":{},"_coverageSchema":"1a1c01bbd47fc00a2c39e90264f33305004495a9","hash":"75e2c97b7e6e18d13c33e5674cfbe53a781bef80"}
,"/home/marik/frontend-project-lvl2/src/index.js": {"path":"/home/marik/frontend-project-lvl2/src/index.js","statementMap":{"0":{"start":{"line":6,"column":17},"end":{"line":26,"column":1}},"1":{"start":{"line":7,"column":18},"end":{"line":7,"column":31}},"2":{"start":{"line":8,"column":18},"end":{"line":8,"column":31}},"3":{"start":{"line":9,"column":17},"end":{"line":9,"column":48}},"4":{"start":{"line":11,"column":19},"end":{"line":23,"column":6}},"5":{"start":{"line":12,"column":23},"end":{"line":12,"column":33}},"6":{"start":{"line":13,"column":23},"end":{"line":13,"column":33}},"7":{"start":{"line":14,"column":8},"end":{"line":16,"column":9}},"8":{"start":{"line":15,"column":12},"end":{"line":15,"column":41}},"9":{"start":{"line":16,"column":10},"end":{"line":18,"column":9}},"10":{"start":{"line":17,"column":12},"end":{"line":17,"column":41}},"11":{"start":{"line":18,"column":10},"end":{"line":20,"column":9}},"12":{"start":{"line":19,"column":12},"end":{"line":19,"column":62}},"13":{"start":{"line":21,"column":8},"end":{"line":21,"column":37}},"14":{"start":{"line":24,"column":22},"end":{"line":24,"column":57}},"15":{"start":{"line":25,"column":4},"end":{"line":25,"column":21}},"16":{"start":{"line":30,"column":26},"end":{"line":30,"column":77}},"17":{"start":{"line":30,"column":40},"end":{"line":30,"column":77}},"18":{"start":{"line":31,"column":25},"end":{"line":31,"column":68}},"19":{"start":{"line":31,"column":39},"end":{"line":31,"column":68}},"20":{"start":{"line":32,"column":18},"end":{"line":32,"column":56}},"21":{"start":{"line":33,"column":18},"end":{"line":33,"column":56}},"22":{"start":{"line":34,"column":24},"end":{"line":34,"column":41}},"23":{"start":{"line":35,"column":24},"end":{"line":35,"column":41}},"24":{"start":{"line":36,"column":4},"end":{"line":36,"column":46}}},"fnMap":{"0":{"name":"(anonymous_0)","decl":{"start":{"line":6,"column":17},"end":{"line":6,"column":18}},"loc":{"start":{"line":6,"column":35},"end":{"line":26,"column":1}},"line":6},"1":{"name":"(anonymous_1)","decl":{"start":{"line":11,"column":28},"end":{"line":11,"column":29}},"loc":{"start":{"line":11,"column":37},"end":{"line":23,"column":5}},"line":11},"2":{"name":"(anonymous_2)","decl":{"start":{"line":29,"column":15},"end":{"line":29,"column":16}},"loc":{"start":{"line":29,"column":41},"end":{"line":37,"column":1}},"line":29},"3":{"name":"(anonymous_3)","decl":{"start":{"line":30,"column":26},"end":{"line":30,"column":27}},"loc":{"start":{"line":30,"column":40},"end":{"line":30,"column":77}},"line":30},"4":{"name":"(anonymous_4)","decl":{"start":{"line":31,"column":25},"end":{"line":31,"column":26}},"loc":{"start":{"line":31,"column":39},"end":{"line":31,"column":68}},"line":31}},"branchMap":{"0":{"loc":{"start":{"line":14,"column":8},"end":{"line":16,"column":9}},"type":"if","locations":[{"start":{"line":14,"column":8},"end":{"line":16,"column":9}},{"start":{},"end":{}}],"line":14},"1":{"loc":{"start":{"line":16,"column":10},"end":{"line":18,"column":9}},"type":"if","locations":[{"start":{"line":16,"column":10},"end":{"line":18,"column":9}},{"start":{},"end":{}}],"line":16},"2":{"loc":{"start":{"line":18,"column":10},"end":{"line":20,"column":9}},"type":"if","locations":[{"start":{"line":18,"column":10},"end":{"line":20,"column":9}},{"start":{},"end":{}}],"line":18}},"s":{"0":1,"1":1,"2":1,"3":1,"4":1,"5":5,"6":5,"7":5,"8":1,"9":4,"10":2,"11":2,"12":1,"13":1,"14":1,"15":1,"16":1,"17":2,"18":1,"19":2,"20":1,"21":1,"22":1,"23":1,"24":1},"f":{"0":1,"1":5,"2":1,"3":2,"4":2},"b":{"0":[1,4],"1":[2,2],"2":[1,1]},"_coverageSchema":"1a1c01bbd47fc00a2c39e90264f33305004495a9","hash":"5cfcdca58e44e4113b3557523d4fa321158ee8c8"}
}
